#
# There is insufficient memory for the Java Runtime Environment to continue.
# Native memory allocation (mmap) failed to map 14316732416 bytes for committing reserved memory.
# Possible reasons:
#   The system is out of physical RAM or swap space
#   In 32 bit mode, the process size limit was hit
# Possible solutions:
#   Reduce memory load on the system
#   Increase physical memory or swap space
#   Check if swap backing store is full
#   Use 64 bit Java on a 64 bit OS
#   Decrease Java heap size (-Xmx/-Xms)
#   Decrease number of Java threads
#   Decrease Java thread stack sizes (-Xss)
#   Set larger code cache with -XX:ReservedCodeCacheSize=
# This output file may be truncated or incomplete.
#
#  Out of Memory Error (os_linux.cpp:2640), pid=4299, tid=0x00007f3796a19700
#
# JRE version:  (8.0_171-b11) (build )
# Java VM: Java HotSpot(TM) 64-Bit Server VM (25.171-b11 mixed mode linux-amd64 compressed oops)
# Failed to write core dump. Core dumps have been disabled. To enable core dumping, try "ulimit -c unlimited" before starting Java again
#

---------------  T H R E A D  ---------------

Current thread (0x00007f379000b000):  JavaThread "Unknown thread" [_thread_in_vm, id=4300, stack(0x00007f3796919000,0x00007f3796a1a000)]

Stack: [0x00007f3796919000,0x00007f3796a1a000],  sp=0x00007f3796a18370,  free space=1020k
Native frames: (J=compiled Java code, j=interpreted, Vv=VM code, C=native code)
V  [libjvm.so+0xacfffa]  VMError::report_and_die()+0x2ba
V  [libjvm.so+0x5005cb]  report_vm_out_of_memory(char const*, int, unsigned long, VMErrorType, char const*)+0x8b
V  [libjvm.so+0x92dd93]  os::Linux::commit_memory_impl(char*, unsigned long, bool)+0x123
V  [libjvm.so+0x92dfb9]  os::pd_commit_memory(char*, unsigned long, unsigned long, bool)+0x29
V  [libjvm.so+0x92527a]  os::commit_memory(char*, unsigned long, unsigned long, bool)+0x2a
V  [libjvm.so+0x99b223]  PSVirtualSpace::expand_by(unsigned long)+0x53
V  [libjvm.so+0x98b337]  PSOldGen::initialize(ReservedSpace, unsigned long, char const*, int)+0xb7
V  [libjvm.so+0x2db31a]  AdjoiningGenerations::AdjoiningGenerations(ReservedSpace, GenerationSizer*, unsigned long)+0x39a
V  [libjvm.so+0x94f366]  ParallelScavengeHeap::initialize()+0x1d6
V  [libjvm.so+0xa98033]  Universe::initialize_heap()+0xf3
V  [libjvm.so+0xa9859e]  universe_init()+0x3e
V  [libjvm.so+0x642105]  init_globals()+0x65
V  [libjvm.so+0xa7cd4e]  Threads::create_vm(JavaVMInitArgs*, bool*)+0x23e
V  [libjvm.so+0x6d6e44]  JNI_CreateJavaVM+0x74
C  [libjli.so+0x797e]  JavaMain+0x9e
C  [libpthread.so.0+0x77fc]  start_thread+0xdc


---------------  P R O C E S S  ---------------

Java Threads: ( => current thread )

Other Threads:

=>0x00007f379000b000 (exited) JavaThread "Unknown thread" [_thread_in_vm, id=4300, stack(0x00007f3796919000,0x00007f3796a1a000)]

VM state:not at safepoint (not fully initialized)

VM Mutex/Monitor currently owned by a thread: None

GC Heap History (0 events):
No events

Deoptimization events (0 events):
No events

Classes redefined (0 events):
No events

Internal exceptions (0 events):
No events

Events (0 events):
No events


Dynamic libraries:
00400000-00401000 r-xp 00000000 08:02 11280121                           /usr/lib/jvm/java-8-oracle/jre/bin/java
00600000-00601000 rw-p 00000000 08:02 11280121                           /usr/lib/jvm/java-8-oracle/jre/bin/java
01083000-010a4000 rw-p 00000000 00:00 0                                  [heap]
615580000-7c0000000 rw-p 00000000 00:00 0 
7f377db7d000-7f377de05000 rw-p 00000000 00:00 0 
7f377de05000-7f377f8af000 ---p 00000000 00:00 0 
7f377f8af000-7f3780610000 rw-p 00000000 00:00 0 
7f3780610000-7f37809c6000 ---p 00000000 00:00 0 
7f37809c6000-7f3780c36000 rwxp 00000000 00:00 0 
7f3780c36000-7f378f9c6000 ---p 00000000 00:00 0 
7f378f9c6000-7f378f9e1000 r-xp 00000000 08:02 12458177                   /usr/lib/jvm/java-8-oracle/jre/lib/amd64/libzip.so
7f378f9e1000-7f378fbe1000 ---p 0001b000 08:02 12458177                   /usr/lib/jvm/java-8-oracle/jre/lib/amd64/libzip.so
7f378fbe1000-7f378fbe2000 rw-p 0001b000 08:02 12458177                   /usr/lib/jvm/java-8-oracle/jre/lib/amd64/libzip.so
7f378fbe2000-7f378fbed000 r-xp 00000000 08:02 4063326                    /lib/x86_64-linux-gnu/libnss_files-2.26.so
7f378fbed000-7f378fdec000 ---p 0000b000 08:02 4063326                    /lib/x86_64-linux-gnu/libnss_files-2.26.so
7f378fdec000-7f378fded000 r--p 0000a000 08:02 4063326                    /lib/x86_64-linux-gnu/libnss_files-2.26.so
7f378fded000-7f378fdee000 rw-p 0000b000 08:02 4063326                    /lib/x86_64-linux-gnu/libnss_files-2.26.so
7f378fdee000-7f378fdf4000 rw-p 00000000 00:00 0 
7f378fdf4000-7f378fdff000 r-xp 00000000 08:02 4063328                    /lib/x86_64-linux-gnu/libnss_nis-2.26.so
7f378fdff000-7f378fffe000 ---p 0000b000 08:02 4063328                    /lib/x86_64-linux-gnu/libnss_nis-2.26.so
7f378fffe000-7f378ffff000 r--p 0000a000 08:02 4063328                    /lib/x86_64-linux-gnu/libnss_nis-2.26.so
7f378ffff000-7f3790000000 rw-p 0000b000 08:02 4063328                    /lib/x86_64-linux-gnu/libnss_nis-2.26.so
7f3790000000-7f3790035000 rw-p 00000000 00:00 0 
7f3790035000-7f3794000000 ---p 00000000 00:00 0 
7f3794041000-7f3794058000 r-xp 00000000 08:02 4063323                    /lib/x86_64-linux-gnu/libnsl-2.26.so
7f3794058000-7f3794257000 ---p 00017000 08:02 4063323                    /lib/x86_64-linux-gnu/libnsl-2.26.so
7f3794257000-7f3794258000 r--p 00016000 08:02 4063323                    /lib/x86_64-linux-gnu/libnsl-2.26.so
7f3794258000-7f3794259000 rw-p 00017000 08:02 4063323                    /lib/x86_64-linux-gnu/libnsl-2.26.so
7f3794259000-7f379425b000 rw-p 00000000 00:00 0 
7f379425b000-7f3794263000 r-xp 00000000 08:02 4063324                    /lib/x86_64-linux-gnu/libnss_compat-2.26.so
7f3794263000-7f3794462000 ---p 00008000 08:02 4063324                    /lib/x86_64-linux-gnu/libnss_compat-2.26.so
7f3794462000-7f3794463000 r--p 00007000 08:02 4063324                    /lib/x86_64-linux-gnu/libnss_compat-2.26.so
7f3794463000-7f3794464000 rw-p 00008000 08:02 4063324                    /lib/x86_64-linux-gnu/libnss_compat-2.26.so
7f3794464000-7f379448f000 r-xp 00000000 08:02 12458171                   /usr/lib/jvm/java-8-oracle/jre/lib/amd64/libjava.so
7f379448f000-7f379468e000 ---p 0002b000 08:02 12458171                   /usr/lib/jvm/java-8-oracle/jre/lib/amd64/libjava.so
7f379468e000-7f3794690000 rw-p 0002a000 08:02 12458171                   /usr/lib/jvm/java-8-oracle/jre/lib/amd64/libjava.so
7f3794690000-7f379469d000 r-xp 00000000 08:02 12458176                   /usr/lib/jvm/java-8-oracle/jre/lib/amd64/libverify.so
7f379469d000-7f379489d000 ---p 0000d000 08:02 12458176                   /usr/lib/jvm/java-8-oracle/jre/lib/amd64/libverify.so
7f379489d000-7f379489f000 rw-p 0000d000 08:02 12458176                   /usr/lib/jvm/java-8-oracle/jre/lib/amd64/libverify.so
7f379489f000-7f37948a6000 r-xp 00000000 08:02 4067725                    /lib/x86_64-linux-gnu/librt-2.26.so
7f37948a6000-7f3794aa5000 ---p 00007000 08:02 4067725                    /lib/x86_64-linux-gnu/librt-2.26.so
7f3794aa5000-7f3794aa6000 r--p 00006000 08:02 4067725                    /lib/x86_64-linux-gnu/librt-2.26.so
7f3794aa6000-7f3794aa7000 rw-p 00007000 08:02 4067725                    /lib/x86_64-linux-gnu/librt-2.26.so
7f3794aa7000-7f3794bfc000 r-xp 00000000 08:02 4063320                    /lib/x86_64-linux-gnu/libm-2.26.so
7f3794bfc000-7f3794dfb000 ---p 00155000 08:02 4063320                    /lib/x86_64-linux-gnu/libm-2.26.so
7f3794dfb000-7f3794dfc000 r--p 00154000 08:02 4063320                    /lib/x86_64-linux-gnu/libm-2.26.so
7f3794dfc000-7f3794dfd000 rw-p 00155000 08:02 4063320                    /lib/x86_64-linux-gnu/libm-2.26.so
7f3794dfd000-7f3795ad6000 r-xp 00000000 08:02 12458199                   /usr/lib/jvm/java-8-oracle/jre/lib/amd64/server/libjvm.so
7f3795ad6000-7f3795cd5000 ---p 00cd9000 08:02 12458199                   /usr/lib/jvm/java-8-oracle/jre/lib/amd64/server/libjvm.so
7f3795cd5000-7f3795daf000 rw-p 00cd8000 08:02 12458199                   /usr/lib/jvm/java-8-oracle/jre/lib/amd64/server/libjvm.so
7f3795daf000-7f3795dfa000 rw-p 00000000 00:00 0 
7f3795dfa000-7f3795fd0000 r-xp 00000000 08:02 4063316                    /lib/x86_64-linux-gnu/libc-2.26.so
7f3795fd0000-7f37961d0000 ---p 001d6000 08:02 4063316                    /lib/x86_64-linux-gnu/libc-2.26.so
7f37961d0000-7f37961d4000 r--p 001d6000 08:02 4063316                    /lib/x86_64-linux-gnu/libc-2.26.so
7f37961d4000-7f37961d6000 rw-p 001da000 08:02 4063316                    /lib/x86_64-linux-gnu/libc-2.26.so
7f37961d6000-7f37961da000 rw-p 00000000 00:00 0 
7f37961da000-7f37961dd000 r-xp 00000000 08:02 4063319                    /lib/x86_64-linux-gnu/libdl-2.26.so
7f37961dd000-7f37963dc000 ---p 00003000 08:02 4063319                    /lib/x86_64-linux-gnu/libdl-2.26.so
7f37963dc000-7f37963dd000 r--p 00002000 08:02 4063319                    /lib/x86_64-linux-gnu/libdl-2.26.so
7f37963dd000-7f37963de000 rw-p 00003000 08:02 4063319                    /lib/x86_64-linux-gnu/libdl-2.26.so
7f37963de000-7f37963f4000 r-xp 00000000 08:02 12458195                   /usr/lib/jvm/java-8-oracle/jre/lib/amd64/jli/libjli.so
7f37963f4000-7f37965f3000 ---p 00016000 08:02 12458195                   /usr/lib/jvm/java-8-oracle/jre/lib/amd64/jli/libjli.so
7f37965f3000-7f37965f4000 rw-p 00015000 08:02 12458195                   /usr/lib/jvm/java-8-oracle/jre/lib/amd64/jli/libjli.so
7f37965f4000-7f379660e000 r-xp 00000000 08:02 4067660                    /lib/x86_64-linux-gnu/libpthread-2.26.so
7f379660e000-7f379680d000 ---p 0001a000 08:02 4067660                    /lib/x86_64-linux-gnu/libpthread-2.26.so
7f379680d000-7f379680e000 r--p 00019000 08:02 4067660                    /lib/x86_64-linux-gnu/libpthread-2.26.so
7f379680e000-7f379680f000 rw-p 0001a000 08:02 4067660                    /lib/x86_64-linux-gnu/libpthread-2.26.so
7f379680f000-7f3796813000 rw-p 00000000 00:00 0 
7f3796813000-7f379683a000 r-xp 00000000 08:02 4063248                    /lib/x86_64-linux-gnu/ld-2.26.so
7f3796919000-7f379691c000 ---p 00000000 00:00 0 
7f379691c000-7f3796a1e000 rw-p 00000000 00:00 0 
7f3796a30000-7f3796a38000 rw-s 00000000 08:02 6981176                    /tmp/hsperfdata_ubuntu/4299
7f3796a38000-7f3796a39000 rw-p 00000000 00:00 0 
7f3796a39000-7f3796a3a000 r--p 00000000 00:00 0 
7f3796a3a000-7f3796a3b000 r--p 00027000 08:02 4063248                    /lib/x86_64-linux-gnu/ld-2.26.so
7f3796a3b000-7f3796a3c000 rw-p 00028000 08:02 4063248                    /lib/x86_64-linux-gnu/ld-2.26.so
7f3796a3c000-7f3796a3d000 rw-p 00000000 00:00 0 
7ffe77552000-7ffe77574000 rw-p 00000000 00:00 0                          [stack]
7ffe775bb000-7ffe775be000 r--p 00000000 00:00 0                          [vvar]
7ffe775be000-7ffe775c0000 r-xp 00000000 00:00 0                          [vdso]
ffffffffff600000-ffffffffff601000 r-xp 00000000 00:00 0                  [vsyscall]

VM Arguments:
jvm_args: -Xms20G -Xmx20G 
java_command: build/libs/socion-entity-0.0.1-SNAPSHOT.jar --basePath /etc/data/gtfs/templates/
java_class_path (initial): build/libs/socion-entity-0.0.1-SNAPSHOT.jar
Launcher Type: SUN_STANDARD

Environment Variables:
JAVA_HOME=/usr/lib/jvm/java-8-oracle
PATH=/home/ubuntu/google-cloud-sdk/bin:/usr/local/sbin:/usr/local/bin:/usr/sbin:/usr/bin:/sbin:/bin:/usr/games:/usr/local/games:/snap/bin:/usr/lib/jvm/java-8-oracle/bin:/usr/lib/jvm/java-8-oracle/db/bin:/usr/lib/jvm/java-8-oracle/jre/bin:/usr/lib/jvm/java-8-oracle/bin:/usr/lib/jvm/java-8-oracle/db/bin:/usr/lib/jvm/java-8-oracle/jre/bin
USERNAME=ubuntu
SHELL=/bin/bash
DISPLAY=:0

Signal Handlers:
SIGSEGV: [libjvm.so+0xad0890], sa_mask[0]=11111111011111111101111111111110, sa_flags=SA_RESTART|SA_SIGINFO
SIGBUS: [libjvm.so+0xad0890], sa_mask[0]=11111111011111111101111111111110, sa_flags=SA_RESTART|SA_SIGINFO
SIGFPE: [libjvm.so+0x928640], sa_mask[0]=11111111011111111101111111111110, sa_flags=SA_RESTART|SA_SIGINFO
SIGPIPE: [libjvm.so+0x928640], sa_mask[0]=11111111011111111101111111111110, sa_flags=SA_RESTART|SA_SIGINFO
SIGXFSZ: [libjvm.so+0x928640], sa_mask[0]=11111111011111111101111111111110, sa_flags=SA_RESTART|SA_SIGINFO
SIGILL: [libjvm.so+0x928640], sa_mask[0]=11111111011111111101111111111110, sa_flags=SA_RESTART|SA_SIGINFO
SIGUSR1: SIG_DFL, sa_mask[0]=00000000000000000000000000000000, sa_flags=none
SIGUSR2: [libjvm.so+0x929ea0], sa_mask[0]=00100000000000000000000000000000, sa_flags=SA_RESTART|SA_SIGINFO
SIGHUP: SIG_DFL, sa_mask[0]=00000000000000000000000000000000, sa_flags=none
SIGINT: SIG_DFL, sa_mask[0]=00000000000000000000000000000000, sa_flags=none
SIGTERM: SIG_DFL, sa_mask[0]=00000000000000000000000000000000, sa_flags=none
SIGQUIT: SIG_DFL, sa_mask[0]=00000000000000000000000000000000, sa_flags=none


---------------  S Y S T E M  ---------------

OS:DISTRIB_ID=Ubuntu
DISTRIB_RELEASE=17.10
DISTRIB_CODENAME=artful
DISTRIB_DESCRIPTION="Ubuntu 17.10"

uname:Linux 4.13.0-46-generic #51-Ubuntu SMP Tue Jun 12 12:36:29 UTC 2018 x86_64
libc:glibc 2.26 NPTL 2.26 
rlimit: STACK 8192k, CORE 0k, NPROC 63245, NOFILE 1048576, AS infinity
load average:1.27 1.52 1.53

/proc/meminfo:
MemTotal:       16327504 kB
MemFree:         2075312 kB
MemAvailable:    5095452 kB
Buffers:          894184 kB
Cached:          2909404 kB
SwapCached:          624 kB
Active:         10971488 kB
Inactive:        2655432 kB
Active(anon):    9126464 kB
Inactive(anon):  1354480 kB
Active(file):    1845024 kB
Inactive(file):  1300952 kB
Unevictable:          48 kB
Mlocked:              48 kB
SwapTotal:       2097148 kB
SwapFree:        2080176 kB
Dirty:               596 kB
Writeback:             0 kB
AnonPages:       9818648 kB
Mapped:           932804 kB
Shmem:            657612 kB
Slab:             363220 kB
SReclaimable:     210280 kB
SUnreclaim:       152940 kB
KernelStack:       27888 kB
PageTables:       119544 kB
NFS_Unstable:          0 kB
Bounce:                0 kB
WritebackTmp:          0 kB
CommitLimit:    10260900 kB
Committed_AS:   30492332 kB
VmallocTotal:   34359738367 kB
VmallocUsed:           0 kB
VmallocChunk:          0 kB
HardwareCorrupted:     0 kB
AnonHugePages:      2048 kB
ShmemHugePages:        0 kB
ShmemPmdMapped:        0 kB
CmaTotal:              0 kB
CmaFree:               0 kB
HugePages_Total:       0
HugePages_Free:        0
HugePages_Rsvd:        0
HugePages_Surp:        0
Hugepagesize:       2048 kB
DirectMap4k:      509456 kB
DirectMap2M:    16168960 kB
DirectMap1G:     1048576 kB


CPU:total 4 (initial active 4) (2 cores per cpu, 2 threads per core) family 6 model 142 stepping 9, cmov, cx8, fxsr, mmx, sse, sse2, sse3, ssse3, sse4.1, sse4.2, popcnt, avx, avx2, aes, clmul, erms, 3dnowpref, lzcnt, ht, tsc, tscinvbit, bmi1, bmi2, adx

/proc/cpuinfo:
processor	: 0
vendor_id	: GenuineIntel
cpu family	: 6
model		: 142
model name	: Intel(R) Core(TM) i5-7200U CPU @ 2.50GHz
stepping	: 9
microcode	: 0x84
cpu MHz		: 1868.484
cache size	: 3072 KB
physical id	: 0
siblings	: 4
core id		: 0
cpu cores	: 2
apicid		: 0
initial apicid	: 0
fpu		: yes
fpu_exception	: yes
cpuid level	: 22
wp		: yes
flags		: fpu vme de pse tsc msr pae mce cx8 apic sep mtrr pge mca cmov pat pse36 clflush dts acpi mmx fxsr sse sse2 ss ht tm pbe syscall nx pdpe1gb rdtscp lm constant_tsc art arch_perfmon pebs bts rep_good nopl xtopology nonstop_tsc cpuid aperfmperf tsc_known_freq pni pclmulqdq dtes64 monitor ds_cpl vmx est tm2 ssse3 sdbg fma cx16 xtpr pdcm pcid sse4_1 sse4_2 x2apic movbe popcnt tsc_deadline_timer aes xsave avx f16c rdrand lahf_lm abm 3dnowprefetch cpuid_fault epb invpcid_single pti retpoline intel_pt rsb_ctxsw spec_ctrl tpr_shadow vnmi flexpriority ept vpid fsgsbase tsc_adjust bmi1 avx2 smep bmi2 erms invpcid mpx rdseed adx smap clflushopt xsaveopt xsavec xgetbv1 xsaves dtherm ida arat pln pts hwp hwp_notify hwp_act_window hwp_epp
bugs		: cpu_meltdown spectre_v1 spectre_v2 spec_store_bypass
bogomips	: 5424.00
clflush size	: 64
cache_alignment	: 64
address sizes	: 39 bits physical, 48 bits virtual
power management:

processor	: 1
vendor_id	: GenuineIntel
cpu family	: 6
model		: 142
model name	: Intel(R) Core(TM) i5-7200U CPU @ 2.50GHz
stepping	: 9
microcode	: 0x84
cpu MHz		: 1967.127
cache size	: 3072 KB
physical id	: 0
siblings	: 4
core id		: 1
cpu cores	: 2
apicid		: 2
initial apicid	: 2
fpu		: yes
fpu_exception	: yes
cpuid level	: 22
wp		: yes
flags		: fpu vme de pse tsc msr pae mce cx8 apic sep mtrr pge mca cmov pat pse36 clflush dts acpi mmx fxsr sse sse2 ss ht tm pbe syscall nx pdpe1gb rdtscp lm constant_tsc art arch_perfmon pebs bts rep_good nopl xtopology nonstop_tsc cpuid aperfmperf tsc_known_freq pni pclmulqdq dtes64 monitor ds_cpl vmx est tm2 ssse3 sdbg fma cx16 xtpr pdcm pcid sse4_1 sse4_2 x2apic movbe popcnt tsc_deadline_timer aes xsave avx f16c rdrand lahf_lm abm 3dnowprefetch cpuid_fault epb invpcid_single pti retpoline intel_pt rsb_ctxsw tpr_shadow vnmi flexpriority ept vpid fsgsbase tsc_adjust bmi1 avx2 smep bmi2 erms invpcid mpx rdseed adx smap clflushopt xsaveopt xsavec xgetbv1 xsaves dtherm ida arat pln pts hwp hwp_notify hwp_act_window hwp_epp
bugs		: cpu_meltdown spectre_v1 spectre_v2 spec_store_bypass
bogomips	: 5424.00
clflush size	: 64
cache_alignment	: 64
address sizes	: 39 bits physical, 48 bits virtual
power management:

processor	: 2
vendor_id	: GenuineIntel
cpu family	: 6
model		: 142
model name	: Intel(R) Core(TM) i5-7200U CPU @ 2.50GHz
stepping	: 9
microcode	: 0x84
cpu MHz		: 1925.291
cache size	: 3072 KB
physical id	: 0
siblings	: 4
core id		: 0
cpu cores	: 2
apicid		: 1
initial apicid	: 1
fpu		: yes
fpu_exception	: yes
cpuid level	: 22
wp		: yes
flags		: fpu vme de pse tsc msr pae mce cx8 apic sep mtrr pge mca cmov pat pse36 clflush dts acpi mmx fxsr sse sse2 ss ht tm pbe syscall nx pdpe1gb rdtscp lm constant_tsc art arch_perfmon pebs bts rep_good nopl xtopology nonstop_tsc cpuid aperfmperf tsc_known_freq pni pclmulqdq dtes64 monitor ds_cpl vmx est tm2 ssse3 sdbg fma cx16 xtpr pdcm pcid sse4_1 sse4_2 x2apic movbe popcnt tsc_deadline_timer aes xsave avx f16c rdrand lahf_lm abm 3dnowprefetch cpuid_fault epb invpcid_single pti retpoline intel_pt rsb_ctxsw spec_ctrl tpr_shadow vnmi flexpriority ept vpid fsgsbase tsc_adjust bmi1 avx2 smep bmi2 erms invpcid mpx rdseed adx smap clflushopt xsaveopt xsavec xgetbv1 xsaves dtherm ida arat pln pts hwp hwp_notify hwp_act_window hwp_epp
bugs		: cpu_meltdown spectre_v1 spectre_v2 spec_store_bypass
bogomips	: 5424.00
clflush size	: 64
cache_alignment	: 64
address sizes	: 39 bits physical, 48 bits virtual
power management:

processor	: 3
vendor_id	: GenuineIntel
cpu family	: 6
model		: 142
model name	: Intel(R) Core(TM) i5-7200U CPU @ 2.50GHz
stepping	: 9
microcode	: 0x84
cpu MHz		: 2015.048
cache size	: 3072 KB
physical id	: 0
siblings	: 4
core id		: 1
cpu cores	: 2
apicid		: 3
initial apicid	: 3
fpu		: yes
fpu_exception	: yes
cpuid level	: 22
wp		: yes
flags		: fpu vme de pse tsc msr pae mce cx8 apic sep mtrr pge mca cmov pat pse36 clflush dts acpi mmx fxsr sse sse2 ss ht tm pbe syscall nx pdpe1gb rdtscp lm constant_tsc art arch_perfmon pebs bts rep_good nopl xtopology nonstop_tsc cpuid aperfmperf tsc_known_freq pni pclmulqdq dtes64 monitor ds_cpl vmx est tm2 ssse3 sdbg fma cx16 xtpr pdcm pcid sse4_1 sse4_2 x2apic movbe popcnt tsc_deadline_timer aes xsave avx f16c rdrand lahf_lm abm 3dnowprefetch cpuid_fault epb invpcid_single pti retpoline intel_pt rsb_ctxsw spec_ctrl tpr_shadow vnmi flexpriority ept vpid fsgsbase tsc_adjust bmi1 avx2 smep bmi2 erms invpcid mpx rdseed adx smap clflushopt xsaveopt xsavec xgetbv1 xsaves dtherm ida arat pln pts hwp hwp_notify hwp_act_window hwp_epp
bugs		: cpu_meltdown spectre_v1 spectre_v2 spec_store_bypass
bogomips	: 5424.00
clflush size	: 64
cache_alignment	: 64
address sizes	: 39 bits physical, 48 bits virtual
power management:



Memory: 4k page, physical 16327504k(2075312k free), swap 2097148k(2080176k free)

vm_info: Java HotSpot(TM) 64-Bit Server VM (25.171-b11) for linux-amd64 JRE (1.8.0_171-b11), built on Mar 28 2018 17:07:08 by "java_re" with gcc 4.3.0 20080428 (Red Hat 4.3.0-8)

time: Tue Jun 11 14:22:12 2019
elapsed time: 0 seconds (0d 0h 0m 0s)

